<?xml version="1.0" encoding="UTF-8"?>
<testng-results ignored="0" total="1" passed="1" failed="0" skipped="0">
  <reporter-output>
  </reporter-output>
  <suite started-at="2024-02-01T16:05:16 IST" name="Suite" finished-at="2024-02-01T16:05:40 IST" duration-ms="24131">
    <groups>
    </groups>
    <test started-at="2024-02-01T16:05:16 IST" name="Test" finished-at="2024-02-01T16:05:40 IST" duration-ms="24131">
      <class name="com.test.ItemTest">
        <test-method signature="verifyBook(java.lang.String,java.lang.String)[pri:0, instance:com.test.ItemTest@76508ed1]" started-at="2024-02-01T16:05:16 IST" name="verifyBook" finished-at="2024-02-01T16:05:40 IST" duration-ms="23956" status="PASS">
          <params>
            <param index="0">
              <value>
                <![CDATA[gnnanavel@gmail.com]]>
              </value>
            </param>
            <param index="1">
              <value>
                <![CDATA[26Nov@2001]]>
              </value>
            </param>
          </params>
          <reporter-output>
          </reporter-output>
        </test-method> <!-- verifyBook -->
      </class> <!-- com.test.ItemTest -->
    </test> <!-- Test -->
  </suite> <!-- Suite -->
</testng-results>
