<?xml version="1.0" encoding="UTF-8"?>
<testng-results ignored="0" total="2" passed="2" failed="0" skipped="0">
  <reporter-output>
  </reporter-output>
  <suite started-at="2024-02-01T12:34:25 IST" name="Default suite" finished-at="2024-02-01T12:35:15 IST" duration-ms="49645">
    <groups>
    </groups>
    <test started-at="2024-02-01T12:34:25 IST" name="Default test" finished-at="2024-02-01T12:35:15 IST" duration-ms="49645">
      <class name="com.orangehrm.OrangeHRMDataProvider">
        <test-method signature="test(java.lang.String,java.lang.String)[pri:0, instance:com.orangehrm.OrangeHRMDataProvider@481a996b]" started-at="2024-02-01T12:34:26 IST" name="test" data-provider="getData" finished-at="2024-02-01T12:34:48 IST" duration-ms="22724" status="PASS">
          <params>
            <param index="0">
              <value>
                <![CDATA[Admin]]>
              </value>
            </param>
            <param index="1">
              <value>
                <![CDATA[admin123]]>
              </value>
            </param>
          </params>
          <reporter-output>
          </reporter-output>
        </test-method> <!-- test -->
        <test-method signature="test(java.lang.String,java.lang.String)[pri:0, instance:com.orangehrm.OrangeHRMDataProvider@481a996b]" started-at="2024-02-01T12:34:48 IST" name="test" data-provider="getData" finished-at="2024-02-01T12:35:15 IST" duration-ms="26716" status="PASS">
          <params>
            <param index="0">
              <value>
                <![CDATA[UserB]]>
              </value>
            </param>
            <param index="1">
              <value>
                <![CDATA[PassB]]>
              </value>
            </param>
          </params>
          <reporter-output>
          </reporter-output>
        </test-method> <!-- test -->
      </class> <!-- com.orangehrm.OrangeHRMDataProvider -->
    </test> <!-- Default test -->
  </suite> <!-- Default suite -->
</testng-results>
